{"/Users/anuragreddy/Desktop/tddlab2/tdd-lab-2-Areddy28/src/js/Cart.js": {"path":"/Users/anuragreddy/Desktop/tddlab2/tdd-lab-2-Areddy28/src/js/Cart.js","statementMap":{"0":{"start":{"line":3,"column":8},"end":{"line":3,"column":24}},"1":{"start":{"line":8,"column":8},"end":{"line":8,"column":33}},"2":{"start":{"line":12,"column":8},"end":{"line":12,"column":33}},"3":{"start":{"line":17,"column":20},"end":{"line":17,"column":21}},"4":{"start":{"line":19,"column":8},"end":{"line":21,"column":10}},"5":{"start":{"line":20,"column":12},"end":{"line":20,"column":32}},"6":{"start":{"line":23,"column":8},"end":{"line":23,"column":21}},"7":{"start":{"line":28,"column":20},"end":{"line":28,"column":21}},"8":{"start":{"line":30,"column":8},"end":{"line":32,"column":10}},"9":{"start":{"line":31,"column":12},"end":{"line":31,"column":43}},"10":{"start":{"line":34,"column":8},"end":{"line":34,"column":21}},"11":{"start":{"line":39,"column":8},"end":{"line":39,"column":65}},"12":{"start":{"line":44,"column":0},"end":{"line":44,"column":22}}},"fnMap":{"0":{"name":"(anonymous_0)","decl":{"start":{"line":2,"column":4},"end":{"line":2,"column":5}},"loc":{"start":{"line":2,"column":17},"end":{"line":4,"column":5}},"line":2},"1":{"name":"(anonymous_1)","decl":{"start":{"line":6,"column":4},"end":{"line":6,"column":5}},"loc":{"start":{"line":6,"column":17},"end":{"line":9,"column":5}},"line":6},"2":{"name":"(anonymous_2)","decl":{"start":{"line":11,"column":4},"end":{"line":11,"column":5}},"loc":{"start":{"line":11,"column":19},"end":{"line":13,"column":5}},"line":11},"3":{"name":"(anonymous_3)","decl":{"start":{"line":15,"column":4},"end":{"line":15,"column":5}},"loc":{"start":{"line":15,"column":24},"end":{"line":24,"column":5}},"line":15},"4":{"name":"(anonymous_4)","decl":{"start":{"line":19,"column":27},"end":{"line":19,"column":28}},"loc":{"start":{"line":19,"column":37},"end":{"line":21,"column":9}},"line":19},"5":{"name":"(anonymous_5)","decl":{"start":{"line":26,"column":4},"end":{"line":26,"column":5}},"loc":{"start":{"line":26,"column":22},"end":{"line":35,"column":5}},"line":26},"6":{"name":"(anonymous_6)","decl":{"start":{"line":30,"column":27},"end":{"line":30,"column":28}},"loc":{"start":{"line":30,"column":37},"end":{"line":32,"column":9}},"line":30},"7":{"name":"(anonymous_7)","decl":{"start":{"line":37,"column":4},"end":{"line":37,"column":5}},"loc":{"start":{"line":37,"column":13},"end":{"line":41,"column":5}},"line":37}},"branchMap":{},"s":{"0":3,"1":5,"2":2,"3":2,"4":2,"5":6,"6":2,"7":3,"8":3,"9":3,"10":0,"11":1,"12":1},"f":{"0":3,"1":5,"2":2,"3":2,"4":6,"5":3,"6":3,"7":1},"b":{},"_coverageSchema":"43e27e138ebf9cfc5966b082cf9a028302ed4184","hash":"0b2be1cb6611eddff9806b1047cb41cbb4530bf7"}
,"/Users/anuragreddy/Desktop/tddlab2/tdd-lab-2-Areddy28/src/js/Product.js": {"path":"/Users/anuragreddy/Desktop/tddlab2/tdd-lab-2-Areddy28/src/js/Product.js","statementMap":{"0":{"start":{"line":4,"column":9},"end":{"line":4,"column":26}},"1":{"start":{"line":5,"column":9},"end":{"line":5,"column":28}},"2":{"start":{"line":6,"column":9},"end":{"line":6,"column":32}},"3":{"start":{"line":12,"column":8},"end":{"line":16,"column":9}},"4":{"start":{"line":13,"column":12},"end":{"line":13,"column":37}},"5":{"start":{"line":15,"column":12},"end":{"line":15,"column":30}},"6":{"start":{"line":20,"column":0},"end":{"line":20,"column":25}}},"fnMap":{"0":{"name":"(anonymous_0)","decl":{"start":{"line":3,"column":4},"end":{"line":3,"column":5}},"loc":{"start":{"line":3,"column":38},"end":{"line":7,"column":5}},"line":3},"1":{"name":"(anonymous_1)","decl":{"start":{"line":9,"column":4},"end":{"line":9,"column":5}},"loc":{"start":{"line":9,"column":22},"end":{"line":17,"column":5}},"line":9}},"branchMap":{"0":{"loc":{"start":{"line":12,"column":8},"end":{"line":16,"column":9}},"type":"if","locations":[{"start":{"line":12,"column":8},"end":{"line":16,"column":9}},{"start":{"line":12,"column":8},"end":{"line":16,"column":9}}],"line":12}},"s":{"0":10,"1":10,"2":10,"3":4,"4":2,"5":2,"6":2},"f":{"0":10,"1":4},"b":{"0":[2,2]},"_coverageSchema":"43e27e138ebf9cfc5966b082cf9a028302ed4184","hash":"e92ab0ad46819daf224cb28dd3d68b1503003c14"}
,"/Users/anuragreddy/Desktop/tddlab2/tdd-lab-2-Areddy28/src/js/money-functions.js": {"path":"/Users/anuragreddy/Desktop/tddlab2/tdd-lab-2-Areddy28/src/js/money-functions.js","statementMap":{"0":{"start":{"line":1,"column":21},"end":{"line":4,"column":1}},"1":{"start":{"line":2,"column":14},"end":{"line":2,"column":30}},"2":{"start":{"line":3,"column":4},"end":{"line":3,"column":69}},"3":{"start":{"line":7,"column":15},"end":{"line":30,"column":1}},"4":{"start":{"line":8,"column":17},"end":{"line":8,"column":22}},"5":{"start":{"line":10,"column":19},"end":{"line":10,"column":40}},"6":{"start":{"line":11,"column":4},"end":{"line":11,"column":27}},"7":{"start":{"line":13,"column":16},"end":{"line":13,"column":37}},"8":{"start":{"line":14,"column":4},"end":{"line":14,"column":24}},"9":{"start":{"line":16,"column":18},"end":{"line":16,"column":38}},"10":{"start":{"line":17,"column":4},"end":{"line":17,"column":25}},"11":{"start":{"line":19,"column":18},"end":{"line":19,"column":24}},"12":{"start":{"line":21,"column":4},"end":{"line":26,"column":5}},"13":{"start":{"line":47,"column":0},"end":{"line":47,"column":43}}},"fnMap":{"0":{"name":"(anonymous_0)","decl":{"start":{"line":1,"column":21},"end":{"line":1,"column":22}},"loc":{"start":{"line":1,"column":33},"end":{"line":4,"column":1}},"line":1},"1":{"name":"(anonymous_1)","decl":{"start":{"line":7,"column":15},"end":{"line":7,"column":16}},"loc":{"start":{"line":7,"column":26},"end":{"line":30,"column":1}},"line":7}},"branchMap":{"0":{"loc":{"start":{"line":3,"column":11},"end":{"line":3,"column":68}},"type":"cond-expr","locations":[{"start":{"line":3,"column":25},"end":{"line":3,"column":45}},{"start":{"line":3,"column":47},"end":{"line":3,"column":68}}],"line":3}},"s":{"0":1,"1":1,"2":1,"3":1,"4":1,"5":1,"6":1,"7":1,"8":1,"9":1,"10":1,"11":1,"12":1,"13":1},"f":{"0":1,"1":1},"b":{"0":[1,0]},"_coverageSchema":"43e27e138ebf9cfc5966b082cf9a028302ed4184","hash":"4f63c675ed4fd5730c9c5b987027b329018251c4"}
}
