TN:
SF:/Users/anuragreddy/Desktop/tddlab2/tdd-lab-2-Areddy28/src/js/Cart.js
FN:2,(anonymous_0)
FN:6,(anonymous_1)
FN:11,(anonymous_2)
FN:15,(anonymous_3)
FN:19,(anonymous_4)
FN:26,(anonymous_5)
FN:30,(anonymous_6)
FN:37,(anonymous_7)
FNF:8
FNH:8
FNDA:3,(anonymous_0)
FNDA:5,(anonymous_1)
FNDA:2,(anonymous_2)
FNDA:2,(anonymous_3)
FNDA:6,(anonymous_4)
FNDA:3,(anonymous_5)
FNDA:3,(anonymous_6)
FNDA:1,(anonymous_7)
DA:3,3
DA:8,5
DA:12,2
DA:17,2
DA:19,2
DA:20,6
DA:23,2
DA:28,3
DA:30,3
DA:31,3
DA:34,0
DA:39,1
DA:44,1
LF:13
LH:12
BRF:0
BRH:0
end_of_record
TN:
SF:/Users/anuragreddy/Desktop/tddlab2/tdd-lab-2-Areddy28/src/js/Product.js
FN:3,(anonymous_0)
FN:9,(anonymous_1)
FNF:2
FNH:2
FNDA:10,(anonymous_0)
FNDA:4,(anonymous_1)
DA:4,10
DA:5,10
DA:6,10
DA:12,4
DA:13,2
DA:15,2
DA:20,2
LF:7
LH:7
BRDA:12,0,0,2
BRDA:12,0,1,2
BRF:2
BRH:2
end_of_record
TN:
SF:/Users/anuragreddy/Desktop/tddlab2/tdd-lab-2-Areddy28/src/js/money-functions.js
FN:1,(anonymous_0)
FN:7,(anonymous_1)
FNF:2
FNH:2
FNDA:1,(anonymous_0)
FNDA:1,(anonymous_1)
DA:1,1
DA:2,1
DA:3,1
DA:7,1
DA:8,1
DA:10,1
DA:11,1
DA:13,1
DA:14,1
DA:16,1
DA:17,1
DA:19,1
DA:21,1
DA:47,1
LF:14
LH:14
BRDA:3,0,0,1
BRDA:3,0,1,0
BRF:2
BRH:1
end_of_record
